C1.in,1.665
C1.in,2.092
C1.in,0.829
C1.in,1.217
C1.in,1.35
C1.in,0.965
C1.in,1.233
C2.in,2.729
C3.in,14.895
C1.in,2.849
C3.in,18.816
S1.in,5.843
F2.in,0.869
C1.in,2.244
C1.in,1.121
C1.in,1.552
C1.in,1.691
C1.in,1.438
C1.in,6.913
C1.in,2.203
C1.in,1.473
C1.in,2.033
C1.in,1.258
C2.in,1.77
C3.in,10.185
F2.in,0.34
C1.in,0.741
C1.in,0.869
C2.in,1.682
C3.in,8.942
C1.in,1.791
F2.in,0.355
S1.in,2.938
WC1.in,1.542
WC1.in,1.299
WC1.in,0.236
WC2.in,0.443
WC3.in,3.718
L1.in,0.08
G1.in,0.842
O1.in,1.172
C1.in,2.222
C1.in,2.926
F2.in,0.564
C1.in,1.576
S1.in,5.298
G1.in,1.159
O1.in,0.881
C3.in,26.187
C3.in,7.182
C3.in,8.522
C3.in,7.284
C2.in,8.273
C1.in,0.682
C1.in,0.406
S1.in,2.355
C1.in,0.414
C1.in,1.796
C1.in,0.864
C1.in,1.668
C1.in,1.272
C1.in,1.294
C1.in,0.84
C1.in,0.416
C1.in,0.492
